<?xml version="1.0" encoding="UTF-8"?>
<testng-results skipped="0" failed="0" ignored="0" total="1" passed="1">
  <reporter-output>
  </reporter-output>
  <suite name="Data Driven Basic" duration-ms="392" started-at="2019-02-27T06:54:43Z" finished-at="2019-02-27T06:54:43Z">
    <groups>
    </groups>
    <test name="LoginTest" duration-ms="392" started-at="2019-02-27T06:54:43Z" finished-at="2019-02-27T06:54:43Z">
      <class name="com.w2a.testcases.BankManagerLoginTest">
        <test-method status="PASS" signature="setUp()[pri:0, instance:com.w2a.testcases.BankManagerLoginTest@3fee9989]" name="setUp" is-config="true" duration-ms="5514" started-at="2019-02-27T06:54:37Z" finished-at="2019-02-27T06:54:43Z">
          <reporter-output>
          </reporter-output>
        </test-method> <!-- setUp -->
        <test-method status="PASS" signature="loginAsBankManager()[pri:0, instance:com.w2a.testcases.BankManagerLoginTest@3fee9989]" name="loginAsBankManager" duration-ms="379" started-at="2019-02-27T06:54:43Z" finished-at="2019-02-27T06:54:43Z">
          <reporter-output>
          </reporter-output>
        </test-method> <!-- loginAsBankManager -->
        <test-method status="PASS" signature="tearDown()[pri:0, instance:com.w2a.testcases.BankManagerLoginTest@3fee9989]" name="tearDown" is-config="true" duration-ms="573" started-at="2019-02-27T06:54:43Z" finished-at="2019-02-27T06:54:44Z">
          <reporter-output>
          </reporter-output>
        </test-method> <!-- tearDown -->
      </class> <!-- com.w2a.testcases.BankManagerLoginTest -->
    </test> <!-- LoginTest -->
  </suite> <!-- Data Driven Basic -->
</testng-results>
